**************************************************************************************************************************************************************************************************************************************************************
***                                                                                                  Prjdlldeltaapi [1.0.74] Copyright DELTA INFORMATIQUE                                                                                                  ***
**************************************************************************************************************************************************************************************************************************************************************
***APPLICATION:[prjExeFacture]                                                                                                                                                                                                             VERSION:[1.0.21]***
**************************************************************************************************************************************************************************************************************************************************************
***FEUILLE:                                                                                                                                                                                                                                                ***
***TYPE:[0]                                                                                                                                                                                                                                 NOM:[FrmClient]***
**************************************************************************************************************************************************************************************************************************************************************
***INSTRUCTION:                                                                                                                                                                                                                                            ***
***TYPE:[2]                                                                                                                                                                                                                                 NOM:[Form_Load]***
***PARAMETRE:                                                                                                                                                                                                                                              ***
***[]                                                                                                                                                                                                                                                      ***
***[]                                                                                                                                                                                                                                                      ***
**************************************************************************************************************************************************************************************************************************************************************
***NUMERO:[0]                                                                                                                                                                                                                                              ***
***DESCRIPTION:                                                                                                                                                                                                                                            ***
***[]                                                                                                                                                                                                                                                      ***
***[]                                                                                                                                                                                                                                                      ***
***[]                                                                                                                                                                                                                                                      ***
**************************************************************************************************************************************************************************************************************************************************************
***JOUR:[02-22-2026]                                                                                                                                                                                                                       HEURE:[12:14:13]***
**************************************************************************************************************************************************************************************************************************************************************
**************************************************************************************************************************************************************************************************************************************************************
***                                                                                                  Prjdlldeltaapi [1.0.74] Copyright DELTA INFORMATIQUE                                                                                                  ***
**************************************************************************************************************************************************************************************************************************************************************
***APPLICATION:[prjExeFacture]                                                                                                                                                                                                             VERSION:[1.0.21]***
**************************************************************************************************************************************************************************************************************************************************************
***FEUILLE:                                                                                                                                                                                                                                                ***
***TYPE:[0]                                                                                                                                                                                                                                 NOM:[FrmRappel]***
**************************************************************************************************************************************************************************************************************************************************************
***INSTRUCTION:                                                                                                                                                                                                                                            ***
***TYPE:[2]                                                                                                                                                                                                                                 NOM:[Form_Load]***
***PARAMETRE:                                                                                                                                                                                                                                              ***
***[]                                                                                                                                                                                                                                                      ***
***[]                                                                                                                                                                                                                                                      ***
**************************************************************************************************************************************************************************************************************************************************************
***NUMERO:[-2147220992]                                                                                                                                                                                                                                    ***
***DESCRIPTION:                                                                                                                                                                                                                                            ***
***['C:\MES_SOURCES\VISUAL_BASIC\DELTAINFORMATIQUE\PROJETS\EXECUTABLES_STANDARD\EXECUTABLE_FACTURE\DATA\FACTURE.]                                                                                                                                          ***
***[.MDB' is not a valid path.  Make sure that the path name is spelled correctly and that you are connected to the server on which the file resides.]                                                                                                     ***
***[]                                                                                                                                                                                                                                                      ***
**************************************************************************************************************************************************************************************************************************************************************
***JOUR:[02-22-2026]                                                                                                                                                                                                                       HEURE:[12:14:22]***
**************************************************************************************************************************************************************************************************************************************************************
**************************************************************************************************************************************************************************************************************************************************************
***                                                                                                  Prjdlldeltaapi [1.0.74] Copyright DELTA INFORMATIQUE                                                                                                  ***
**************************************************************************************************************************************************************************************************************************************************************
***APPLICATION:[prjExeFacture]                                                                                                                                                                                                             VERSION:[1.0.21]***
**************************************************************************************************************************************************************************************************************************************************************
***FEUILLE:                                                                                                                                                                                                                                                ***
***TYPE:[0]                                                                                                                                                                                                                                 NOM:[FrmRappel]***
**************************************************************************************************************************************************************************************************************************************************************
***INSTRUCTION:                                                                                                                                                                                                                                            ***
***TYPE:[2]                                                                                                                                                                                                                                 NOM:[Form_Load]***
***PARAMETRE:                                                                                                                                                                                                                                              ***
***[]                                                                                                                                                                                                                                                      ***
***[]                                                                                                                                                                                                                                                      ***
**************************************************************************************************************************************************************************************************************************************************************
***NUMERO:[-2147220992]                                                                                                                                                                                                                                    ***
***DESCRIPTION:                                                                                                                                                                                                                                            ***
***['C:\MES_SOURCES\VISUAL_BASIC\DELTAINFORMATIQUE\PROJETS\EXECUTABLES_STANDARD\EXECUTABLE_FACTURE\DATA\FACTURE.]                                                                                                                                          ***
***[.MDB' is not a valid path.  Make sure that the path name is spelled correctly and that you are connected to the server on which the file resides.]                                                                                                     ***
***[]                                                                                                                                                                                                                                                      ***
**************************************************************************************************************************************************************************************************************************************************************
***JOUR:[02-22-2026]                                                                                                                                                                                                                       HEURE:[12:14:33]***
**************************************************************************************************************************************************************************************************************************************************************
